<?xml version="1.0" encoding="UTF-8"?>
<!-- Generated by org.testng.reporters.JUnitXMLReporter -->
<testsuite ignored="0" hostname="DESKTOP-5C3OUTB" failures="1" tests="2" name="Command line test" time="13.791" errors="0" timestamp="2022-09-05T09:58:02 IST">
  <testcase classname="com.tests.LoginTest" name="freeCrmTitleTest" time="0.028">
    <failure type="java.lang.AssertionError" message="expected [Facebook â€“ log in or sign up] but found [Facebook – log in or sign up]">
      <![CDATA[java.lang.AssertionError: expected [Facebook â€“ log in or sign up] but found [Facebook – log in or sign up]
at com.tests.LoginTest.freeCrmTitleTest(LoginTest.java:45)
at java.base/java.util.ArrayList.forEach(ArrayList.java:1378)
... Removed 42 stack frames]]>
    </failure>
  </testcase> <!-- freeCrmTitleTest -->
  <testcase classname="com.tests.LoginTest" name="freemCRMLogoTest" time="0.085"/>
</testsuite> <!-- Command line test -->
